2018-10-20 08:14:00,999 - INFO - Starting
2018-10-20 08:14:01,001 - INFO - getThreadLength Current L=0 R=0
2018-10-20 08:14:01,003 - INFO - getThreadLength Original X=50 Y=50 L=70.71067811865476 R=304.138126514911
2018-10-20 08:14:01,005 - INFO - getThreadLength current pos accounted X=50 Y=50 L=70.71067811865476 R=304.138126514911
2018-10-20 08:14:01,006 - INFO - getThreadLength Current L=70.71067811865476 R=304.138126514911
2018-10-20 08:14:01,008 - INFO - getThreadLength Original X=100 Y=200 L=223.60679774997897 R=320.1562118716424
2018-10-20 08:14:01,009 - INFO - getThreadLength current pos accounted X=100 Y=200 L=152.8961196313242 R=16.018085356731433
2018-10-20 08:14:01,011 - INFO - stepsToTake L=152.8961196313242 R=16.018085356731433 LS=3944 RS=413
2018-10-20 08:14:01,033 - INFO - doMove LS=3944 RS=413
2018-10-20 08:14:01,035 - INFO - doMove LD=up RD=up
2018-10-20 08:14:01,036 - INFO - doMove MaxSteps=3944
2018-10-20 08:14:01,039 - INFO - doMove penDown=False
2018-10-20 08:14:14,289 - INFO - getThreadLength Current L=223.60679774997897 R=320.1562118716424
2018-10-20 08:14:14,291 - INFO - getThreadLength Original X=100 Y=400 L=412.31056256176606 R=471.6990566028302
2018-10-20 08:14:14,293 - INFO - getThreadLength current pos accounted X=100 Y=400 L=188.7037648117871 R=151.54284473118776
2018-10-20 08:14:14,294 - INFO - stepsToTake L=188.7037648117871 R=151.54284473118776 LS=4868 RS=3909
2018-10-20 08:14:14,295 - INFO - doMove LS=4868 RS=3909
2018-10-20 08:14:14,296 - INFO - doMove LD=up RD=up
2018-10-20 08:14:14,298 - INFO - doMove MaxSteps=4868
2018-10-20 08:14:14,299 - INFO - doMove penDown=False
2018-10-20 08:14:39,825 - INFO - getThreadLength Current L=412.31056256176606 R=471.6990566028302
2018-10-20 08:14:39,827 - INFO - getThreadLength Original X=400 Y=400 L=565.685424949238 R=403.11288741492746
2018-10-20 08:14:39,828 - INFO - getThreadLength current pos accounted X=400 Y=400 L=153.37486238747198 R=-68.58616918790273
2018-10-20 08:14:39,829 - INFO - stepsToTake L=153.37486238747198 R=-68.58616918790273 LS=3957 RS=-1769
2018-10-20 08:14:39,831 - INFO - doMove LS=3957 RS=1769
2018-10-20 08:14:39,832 - INFO - doMove LD=up RD=down
2018-10-20 08:14:39,834 - INFO - doMove MaxSteps=3957
2018-10-20 08:14:39,836 - INFO - doMove penDown=False
2018-10-20 08:14:56,581 - INFO - getThreadLength Current L=565.685424949238 R=403.11288741492746
2018-10-20 08:14:56,584 - INFO - getThreadLength Original X=400 Y=200 L=447.21359549995793 R=206.15528128088303
2018-10-20 08:14:56,585 - INFO - getThreadLength current pos accounted X=400 Y=200 L=-118.47182944928011 R=-196.95760613404443
2018-10-20 08:14:56,587 - INFO - stepsToTake L=-118.47182944928011 R=-196.95760613404443 LS=-3056 RS=-5081
2018-10-20 08:14:56,589 - INFO - doMove LS=3056 RS=5081
2018-10-20 08:14:56,590 - INFO - doMove LD=down RD=down
2018-10-20 08:14:56,591 - INFO - doMove MaxSteps=5081
2018-10-20 08:14:56,591 - INFO - doMove penDown=False
2018-10-20 08:15:21,435 - INFO - getThreadLength Current L=447.21359549995793 R=206.15528128088303
2018-10-20 08:15:21,437 - INFO - getThreadLength Original X=200 Y=200 L=282.842712474619 R=250.0
2018-10-20 08:15:21,438 - INFO - getThreadLength current pos accounted X=200 Y=200 L=-164.3708830253389 R=43.84471871911697
2018-10-20 08:15:21,440 - INFO - stepsToTake L=-164.3708830253389 R=43.84471871911697 LS=-4240 RS=1131
2018-10-20 08:15:21,441 - INFO - doMove LS=4240 RS=1131
2018-10-20 08:15:21,443 - INFO - doMove LD=down RD=up
2018-10-20 08:15:21,444 - INFO - doMove MaxSteps=4240
2018-10-20 08:15:21,452 - INFO - doMove penDown=False
2018-10-20 08:15:37,699 - INFO - getThreadLength Current L=282.842712474619 R=250.0
2018-10-20 08:15:37,701 - INFO - getThreadLength Original X=50 Y=50 L=70.71067811865476 R=304.138126514911
2018-10-20 08:15:37,702 - INFO - getThreadLength current pos accounted X=50 Y=50 L=-212.13203435596427 R=54.138126514910994
2018-10-20 08:15:37,703 - INFO - stepsToTake L=-212.13203435596427 R=54.138126514910994 LS=-5472 RS=1397
2018-10-20 08:15:37,705 - INFO - doMove LS=5472 RS=1397
2018-10-20 08:15:37,707 - INFO - doMove LD=down RD=up
2018-10-20 08:15:37,709 - INFO - doMove MaxSteps=5472
2018-10-20 08:15:37,723 - INFO - doMove penDown=False
2018-10-20 08:15:58,894 - INFO - getThreadLength Current L=70.71067811865476 R=304.138126514911
2018-10-20 08:15:58,895 - INFO - getThreadLength Original X=50 Y=50 L=70.71067811865476 R=304.138126514911
2018-10-20 08:15:58,897 - INFO - getThreadLength current pos accounted X=50 Y=50 L=0.0 R=0.0
2018-10-20 08:15:58,899 - INFO - stepsToTake L=0.0 R=0.0 LS=0 RS=0
2018-10-20 08:15:58,913 - INFO - doMove LS=0 RS=0
2018-10-20 08:15:58,915 - INFO - doMove LD=up RD=up
2018-10-20 08:15:58,917 - INFO - doMove MaxSteps=0
2018-10-20 08:15:58,918 - INFO - doMove penDown=False
2018-10-20 08:15:58,919 - INFO - Done
